2022-03-17 14:30:52.982  INFO 48486 --- [           main] lavalink.server.Launcher                 : 

[32m       .  [31m _                  _ _       _    [32m__ _ _
[32m      /\\ [31m| | __ ___   ____ _| (_)_ __ | | __[32m\ \ \ \
[32m     ( ( )[31m| |/ _` \ \ / / _` | | | '_ \| |/ /[32m \ \ \ \
[32m      \\/ [31m| | (_| |\ V / (_| | | | | | |   < [32m  ) ) ) )
[32m       '  [31m|_|\__,_| \_/ \__,_|_|_|_| |_|_|\_\[32m / / / /
[0m    =========================================[32m/_/_/_/[0m

	Version:        8e1010aa9f473f567e5926a1e25b2917ca9c7ac4-SNAPSHOT
	Build:          1275
	Build time:     13.12.2021 11:31:08 UTC
	Branch          dev
	Commit:         8e1010a
	Commit time:    13.12.2021 11:27:16 UTC
	JVM:            11.0.14
	Lavaplayer      1.3.96-original

2022-03-17 14:30:53.000  INFO 48486 --- [           main] o.s.boot.SpringApplication               : 
  .   ____          _            __ _ _
 /\\ / ___'_ __ _ _(_)_ __  __ _ \ \ \ \
( ( )\___ | '_ | '_| | '_ \/ _` | \ \ \ \
 \\/  ___)| |_)| | | | | || (_| |  ) ) ) )
  '  |____| .__|_| |_|_| |_\__, | / / / /
 =========|_|==============|___/=/_/_/_/
 :: Spring Boot ::        (v2.1.8.RELEASE)


2022-03-17 14:30:53.046  INFO 48486 --- [           main] lavalink.server.Launcher                 : Starting Launcher on ubuntu with PID 48486 (/media/ubuntu/Persistent/Programming/Tempo/lavalink.jar started by ubuntu in /media/ubuntu/Persistent/Programming/Tempo)
2022-03-17 14:30:53.047  INFO 48486 --- [           main] lavalink.server.Launcher                 : No active profile set, falling back to default profiles: default
2022-03-17 14:30:53.084  WARN 48486 --- [kground-preinit] o.s.h.c.j.Jackson2ObjectMapperBuilder    : For Jackson Kotlin classes support please add "com.fasterxml.jackson.module:jackson-module-kotlin" to the classpath
2022-03-17 14:30:53.590  WARN 48486 --- [           main] io.undertow.websockets.jsr               : UT026010: Buffer pool was not set on WebSocketDeploymentInfo, the default pool will be used
2022-03-17 14:30:53.602  INFO 48486 --- [           main] io.undertow.servlet                      : Initializing Spring embedded WebApplicationContext
2022-03-17 14:30:53.602  INFO 48486 --- [           main] o.s.web.context.ContextLoader            : Root WebApplicationContext: initialization completed in 529 ms
2022-03-17 14:30:53.816  WARN 48486 --- [           main] l.server.config.SentryConfiguration      : Turning off sentry
2022-03-17 14:30:53.963  INFO 48486 --- [           main] c.s.d.l.tools.GarbageCollectionMonitor   : GC monitoring enabled, reporting results every 2 minutes.
2022-03-17 14:30:54.062  INFO 48486 --- [           main] lavalink.server.config.KoeConfiguration  : OS: Linux, Arch: amd64
2022-03-17 14:30:54.062  INFO 48486 --- [           main] lavalink.server.config.KoeConfiguration  : Enabling JDA-NAS
2022-03-17 14:30:54.065  INFO 48486 --- [           main] c.s.l.c.natives.NativeLibraryLoader      : Native library udpqueue: loading with filter null
2022-03-17 14:30:54.067  INFO 48486 --- [           main] c.s.l.c.natives.NativeLibraryLoader      : Native library udpqueue: successfully loaded.
2022-03-17 14:30:54.197  INFO 48486 --- [           main] o.s.s.concurrent.ThreadPoolTaskExecutor  : Initializing ExecutorService 'applicationTaskExecutor'
2022-03-17 14:30:54.359  INFO 48486 --- [           main] org.xnio                                 : XNIO version 3.3.8.Final
2022-03-17 14:30:54.364  INFO 48486 --- [           main] org.xnio.nio                             : XNIO NIO Implementation Version 3.3.8.Final
WARNING: An illegal reflective access operation has occurred
WARNING: Illegal reflective access by org.xnio.nio.NioXnio$2 (jar:file:/media/ubuntu/Persistent/Programming/Tempo/lavalink.jar!/BOOT-INF/lib/xnio-nio-3.3.8.Final.jar!/) to constructor sun.nio.ch.EPollSelectorProvider()
WARNING: Please consider reporting this to the maintainers of org.xnio.nio.NioXnio$2
WARNING: Use --illegal-access=warn to enable warnings of further illegal reflective access operations
WARNING: All illegal access operations will be denied in a future release
2022-03-17 14:30:54.393  INFO 48486 --- [           main] ConditionEvaluationReportLoggingListener : 

Error starting ApplicationContext. To display the conditions report re-run your application with 'debug' enabled.
2022-03-17 14:30:54.395 ERROR 48486 --- [           main] lavalink.server.Launcher                 : Application failed

org.springframework.boot.web.server.PortInUseException: Port 7000 is already in use
	at org.springframework.boot.web.embedded.undertow.UndertowServletWebServer.start(UndertowServletWebServer.java:154) ~[spring-boot-2.1.8.RELEASE.jar!/:2.1.8.RELEASE]
	at org.springframework.boot.web.servlet.context.ServletWebServerApplicationContext.startWebServer(ServletWebServerApplicationContext.java:297) ~[spring-boot-2.1.8.RELEASE.jar!/:2.1.8.RELEASE]
	at org.springframework.boot.web.servlet.context.ServletWebServerApplicationContext.finishRefresh(ServletWebServerApplicationContext.java:163) ~[spring-boot-2.1.8.RELEASE.jar!/:2.1.8.RELEASE]
	at org.springframework.context.support.AbstractApplicationContext.refresh(AbstractApplicationContext.java:552) ~[spring-context-5.1.9.RELEASE.jar!/:5.1.9.RELEASE]
	at org.springframework.boot.web.servlet.context.ServletWebServerApplicationContext.refresh(ServletWebServerApplicationContext.java:141) ~[spring-boot-2.1.8.RELEASE.jar!/:2.1.8.RELEASE]
	at org.springframework.boot.SpringApplication.refresh(SpringApplication.java:744) ~[spring-boot-2.1.8.RELEASE.jar!/:2.1.8.RELEASE]
	at org.springframework.boot.SpringApplication.refreshContext(SpringApplication.java:391) ~[spring-boot-2.1.8.RELEASE.jar!/:2.1.8.RELEASE]
	at org.springframework.boot.SpringApplication.run(SpringApplication.java:312) ~[spring-boot-2.1.8.RELEASE.jar!/:2.1.8.RELEASE]
	at lavalink.server.Launcher.main(Launcher.kt:127) ~[classes!/:na]
	at java.base/jdk.internal.reflect.NativeMethodAccessorImpl.invoke0(Native Method) ~[na:na]
	at java.base/jdk.internal.reflect.NativeMethodAccessorImpl.invoke(NativeMethodAccessorImpl.java:62) ~[na:na]
	at java.base/jdk.internal.reflect.DelegatingMethodAccessorImpl.invoke(DelegatingMethodAccessorImpl.java:43) ~[na:na]
	at java.base/java.lang.reflect.Method.invoke(Method.java:566) ~[na:na]
	at org.springframework.boot.loader.MainMethodRunner.run(MainMethodRunner.java:48) ~[lavalink.jar:na]
	at org.springframework.boot.loader.Launcher.launch(Launcher.java:87) ~[lavalink.jar:na]
	at org.springframework.boot.loader.Launcher.launch(Launcher.java:51) ~[lavalink.jar:na]
	at org.springframework.boot.loader.JarLauncher.main(JarLauncher.java:52) ~[lavalink.jar:na]

2022-03-17 14:30:54.396 ERROR 48486 --- [           main] o.s.b.d.LoggingFailureAnalysisReporter   : 

***************************
APPLICATION FAILED TO START
***************************

Description:

Web server failed to start. Port 7000 was already in use.

Action:

Identify and stop the process that's listening on port 7000 or configure this application to listen on another port.

2022-03-17 14:30:54.398  INFO 48486 --- [           main] o.s.s.concurrent.ThreadPoolTaskExecutor  : Shutting down ExecutorService 'applicationTaskExecutor'
2022-03-17 14:30:54.398  INFO 48486 --- [           main] c.s.d.l.tools.GarbageCollectionMonitor   : GC monitoring disabled.
