2021-10-29 07:15:53.630  INFO 4184 --- [XNIO-1 I/O-13] lavalink.server.io.SocketServer          : Connection closed from /0:0:0:0:0:0:0:1:51560 with status CloseStatus[code=1006, reason=] -- Session can be resumed within the next 60 seconds with key music-node
2021-10-29 07:56:03.339  INFO 13332 --- [main] lavalink.server.Launcher                 : 

[32m       .  [31m _                  _ _       _    [32m__ _ _
[32m      /\\ [31m| | __ ___   ____ _| (_)_ __ | | __[32m\ \ \ \
[32m     ( ( )[31m| |/ _` \ \ / / _` | | | '_ \| |/ /[32m \ \ \ \
[32m      \\/ [31m| | (_| |\ V / (_| | | | | | |   < [32m  ) ) ) )
[32m       '  [31m|_|\__,_| \_/ \__,_|_|_|_| |_|_|\_\[32m / / / /
[0m    =========================================[32m/_/_/_/[0m

	Version:        3.3.2.5
	Build:          1222
	Build time:     11.04.2021 08:07:27 UTC
	Branch          master
	Commit:         7b914f2
	Commit time:    09.04.2021 17:14:27 UTC
	JVM:            13.0.2
	Lavaplayer      1.3.76

2021-10-29 07:56:03.416  INFO 13332 --- [main] lavalink.server.Launcher                 : Starting Launcher on DESKTOP-GEORGE with PID 13332 (P:\Programming\Python\Personal Projects\Tempo\Lavalink.jar started by George in P:\Programming\Python\Personal Projects\Tempo)
2021-10-29 07:56:03.416  INFO 13332 --- [main] lavalink.server.Launcher                 : No active profile set, falling back to default profiles: default
2021-10-29 07:56:03.459  WARN 13332 --- [background-preinit] o.s.h.c.j.Jackson2ObjectMapperBuilder    : For Jackson Kotlin classes support please add "com.fasterxml.jackson.module:jackson-module-kotlin" to the classpath
2021-10-29 07:56:04.408  WARN 13332 --- [main] io.undertow.websockets.jsr               : UT026010: Buffer pool was not set on WebSocketDeploymentInfo, the default pool will be used
2021-10-29 07:56:04.428  INFO 13332 --- [main] io.undertow.servlet                      : Initializing Spring embedded WebApplicationContext
2021-10-29 07:56:04.429  INFO 13332 --- [main] o.s.web.context.ContextLoader            : Root WebApplicationContext: initialization completed in 988 ms
2021-10-29 07:56:04.725  WARN 13332 --- [main] l.server.config.SentryConfiguration      : Turning off sentry
2021-10-29 07:56:04.960  INFO 13332 --- [main] c.s.d.l.tools.GarbageCollectionMonitor   : GC monitoring enabled, reporting results every 2 minutes.
2021-10-29 07:56:05.301  INFO 13332 --- [main] lavalink.server.config.KoeConfiguration  : OS: Windows 10, Arch: amd64
2021-10-29 07:56:05.302  WARN 13332 --- [main] lavalink.server.config.KoeConfiguration  : This system and architecture appears to not support native audio sending! GC pauses may cause your bot to stutter during playback.
2021-10-29 07:56:05.446  INFO 13332 --- [main] o.s.s.concurrent.ThreadPoolTaskExecutor  : Initializing ExecutorService 'applicationTaskExecutor'
2021-10-29 07:56:05.603  INFO 13332 --- [main] org.xnio                                 : XNIO version 3.3.8.Final
2021-10-29 07:56:05.609  INFO 13332 --- [main] org.xnio.nio                             : XNIO NIO Implementation Version 3.3.8.Final
2021-10-29 07:56:05.647  INFO 13332 --- [main] o.s.b.w.e.u.UndertowServletWebServer     : Undertow started on port(s) 7000 (http) with context path ''
2021-10-29 07:56:05.651  INFO 13332 --- [main] lavalink.server.Launcher                 : Started Launcher in 2.785 seconds (JVM running for 3.807)
2021-10-29 07:56:05.652  INFO 13332 --- [main] lavalink.server.Launcher                 : You can safely ignore the big red warning about illegal reflection. See https://github.com/Frederikam/Lavalink/issues/295
2021-10-29 07:56:32.912  INFO 13332 --- [XNIO-1 task-1] io.undertow.servlet                      : Initializing Spring DispatcherServlet 'dispatcherServlet'
2021-10-29 07:56:32.912  INFO 13332 --- [XNIO-1 task-1] o.s.web.servlet.DispatcherServlet        : Initializing Servlet 'dispatcherServlet'
2021-10-29 07:56:32.918  INFO 13332 --- [XNIO-1 task-1] o.s.web.servlet.DispatcherServlet        : Completed initialization in 5 ms
2021-10-29 07:56:32.935  INFO 13332 --- [XNIO-1 task-1] l.server.io.HandshakeInterceptorImpl     : Incoming connection from /0:0:0:0:0:0:0:1:53476
2021-10-29 07:56:33.012  INFO 13332 --- [XNIO-1 task-1] lavalink.server.io.SocketServer          : Connection successfully established from /0:0:0:0:0:0:0:1:53476
2021-10-29 07:56:33.032  INFO 13332 --- [XNIO-1 I/O-1] lavalink.server.io.SocketServer          : {"op": "configureResuming", "key": "music-node", "timeout": 60}
